<?xml version="1.0" encoding="UTF-8"?>
<testsuites name="Testsuite1" time="27" tests="1" failures="0" errors="0">
   <testsuite name="Testsuite1" tests="1" failures="0" errors="0" time="27" timestamp="2018-07-26 15:24:07" hostname="slk - WSLK1FFTRFW-05" id="Test Suites/day3/Testsuite1">
      <properties>
         <property name="deviceName" value=""/>
         <property name="devicePlatform" value=""/>
         <property name="logFolder" value="C:\\Users\\slk.WSLK1FFTRFW-05\\Katalon Studio\\Demo\\Reports\\day3\\Testsuite1\\20180726_152406"/>
         <property name="logFiles" value="C:\\Users\\slk.WSLK1FFTRFW-05\\Katalon Studio\\Demo\\Reports\\day3\\Testsuite1\\20180726_152406\\execution0.log"/>
         <property name="attachments" value=""/>
         <property name="hostName" value="slk - WSLK1FFTRFW-05"/>
         <property name="os" value="Windows 7 64bit"/>
         <property name="katalonVersion" value="5.5.0.1"/>
         <property name="browser" value="Chrome 67.0.3396.99"/>
         <property name="hostAddress" value="10.10.10.14"/>
         <property name="sessionId" value="894615f3f95427350585ad73984ccc4a"/>
         <property name="seleniumVersion" value="3.7.1"/>
         <property name="proxyInformation" value="ProxyInformation{proxyOption=NO_PROXY, proxyServerType=HTTP, password=, proxyServerAddress=, proxyServerPort=0}"/>
         <property name="platform" value="Windows 7"/>
      </properties>
      <testcase name="Test Cases/Day3/test two" classname="Test Cases/Day3/test two" status="PASSED">
         <system-out><![CDATA[2018-07-26 15:24:07 - [TEST_CASE][PASSED] - Test Cases/Day3/test two: Test Cases/Day3/test two

2018-07-26 15:24:08 - [TEST_STEP][PASSED] - openBrowser: Browser is opened with url: ''

2018-07-26 15:24:31 - [MESSAGE][PASSED] - Browser is opened with url: ''

2018-07-26 15:24:31 - [TEST_STEP][PASSED] - navigateToUrl: Navigate to 'http://demoaut.katalon.com/' successfully

2018-07-26 15:24:32 - [MESSAGE][PASSED] - Navigate to 'http://demoaut.katalon.com/' successfully

2018-07-26 15:24:32 - [TEST_STEP][PASSED] - click: Object: 'Object Repository/jenkins testcase/Page_CURA Healthcare Service/a_Make Appointment' is clicked on

2018-07-26 15:24:33 - [MESSAGE][PASSED] - Object: 'Object Repository/jenkins testcase/Page_CURA Healthcare Service/a_Make Appointment' is clicked on

2018-07-26 15:24:33 - [TEST_STEP][PASSED] - setText: Text 'John Doe' is set on object 'Object Repository/jenkins testcase/Page_CURA Healthcare Service/input_username'

2018-07-26 15:24:33 - [MESSAGE][PASSED] - Text 'John Doe' is set on object 'Object Repository/jenkins testcase/Page_CURA Healthcare Service/input_username'

2018-07-26 15:24:33 - [TEST_STEP][PASSED] - setEncryptedText: Text ****** has been set on object 'Object Repository/jenkins testcase/Page_CURA Healthcare Service/input_password'

2018-07-26 15:24:33 - [MESSAGE][PASSED] - Text ****** has been set on object 'Object Repository/jenkins testcase/Page_CURA Healthcare Service/input_password'

2018-07-26 15:24:33 - [TEST_STEP][PASSED] - click: Object: 'Object Repository/jenkins testcase/Page_CURA Healthcare Service/button_Login' is clicked on

2018-07-26 15:24:34 - [MESSAGE][PASSED] - Object: 'Object Repository/jenkins testcase/Page_CURA Healthcare Service/button_Login' is clicked on

2018-07-26 15:24:34 - [TEST_STEP][PASSED] - closeBrowser: Browser is closed

2018-07-26 15:24:35 - [MESSAGE][PASSED] - Browser is closed]]></system-out>
         <system-err><![CDATA[]]></system-err>
      </testcase>
      <system-out><![CDATA[2018-07-26 15:24:07 - [TEST_SUITE][PASSED] - Testsuite1: Test Cases/Day3/test two]]></system-out>
      <system-err><![CDATA[]]></system-err>
   </testsuite>
</testsuites>
