<?xml version="1.0" encoding="UTF-8"?>
<testsuites name="Testsuite1" time="0" tests="1" failures="0" errors="0">
   <testsuite name="Testsuite1" tests="1" failures="0" errors="0" time="0" timestamp="2018-07-25 11:02:38" hostname="slk - WSLK1FFTRFW-05" id="Test Suites/day2/Testsuite1">
      <properties>
         <property name="deviceName" value=""/>
         <property name="devicePlatform" value=""/>
         <property name="logFolder" value="C:\\Users\\slk.WSLK1FFTRFW-05\\Katalon Studio\\Demo\\Reports\\day2\\Testsuite1\\20180725_110233"/>
         <property name="logFiles" value="C:\\Users\\slk.WSLK1FFTRFW-05\\Katalon Studio\\Demo\\Reports\\day2\\Testsuite1\\20180725_110233\\execution0.log"/>
         <property name="attachments" value=""/>
         <property name="hostName" value="slk - WSLK1FFTRFW-05"/>
         <property name="hostAddress" value="10.10.10.14"/>
         <property name="os" value="Windows 7 64bit"/>
         <property name="katalonVersion" value="5.5.0.1"/>
      </properties>
      <testcase name="Test Cases/day2/test1" classname="Test Cases/day2/test1" status="PASSED">
         <system-out><![CDATA[2018-07-25 11:02:39 - [TEST_CASE][PASSED] - Test Cases/day2/test1: Test Cases/day2/test1

2018-07-25 11:02:39 - [TEST_STEP][PASSED] - Statement - return null: null]]></system-out>
         <system-err><![CDATA[]]></system-err>
      </testcase>
      <system-out><![CDATA[2018-07-25 11:02:38 - [TEST_SUITE][PASSED] - Testsuite1: Test Cases/day2/test1]]></system-out>
      <system-err><![CDATA[]]></system-err>
   </testsuite>
</testsuites>
