<?xml version="1.0" encoding="UTF-8"?>
<testsuites name="Test Suite001" time="0" tests="0" failures="1" errors="0">
   <testsuite name="Test Suite001" tests="0" failures="1" errors="0" time="0" timestamp="2018-07-25 11:59:48" hostname="slk - WSLK1FFTRFW-05" id="Test Suites/day2/Test Suite001">
      <properties>
         <property name="deviceName" value=""/>
         <property name="devicePlatform" value=""/>
         <property name="logFolder" value="C:\\Users\\slk.WSLK1FFTRFW-05\\Katalon Studio\\Demo\\Reports\\day2\\Test Suite001\\20180725_115947"/>
         <property name="logFiles" value="C:\\Users\\slk.WSLK1FFTRFW-05\\Katalon Studio\\Demo\\Reports\\day2\\Test Suite001\\20180725_115947\\execution0.log"/>
         <property name="attachments" value=""/>
         <property name="hostName" value="slk - WSLK1FFTRFW-05"/>
         <property name="hostAddress" value="10.10.10.14"/>
         <property name="os" value="Windows 7 64bit"/>
         <property name="katalonVersion" value="5.5.0.1"/>
      </properties>
      <testcase name="Test Cases/day2/test1" classname="Test Cases/day2/test1" status="FAILED">
         <failure type="FAILED" message="Unable to navigate to 'https://opensource-demo.orangehrmlive.com/' (Root cause: com.kms.katalon.core.webui.exception.BrowserNotOpenedException: Browser is not opened
Build info: version: '3.7.1', revision: '8a0099a', time: '2017-11-06T21:07:36.161Z'
System info: host: 'WSLK1FFTRFW-05', ip: '10.10.10.14', os.name: 'Windows 7', os.arch: 'amd64', os.version: '6.1', java.version: '1.8.0_102'
Driver info: driver.version: unknown)"/>
         <system-out><![CDATA[2018-07-25 11:59:48 - [TEST_CASE][FAILED] - Test Cases/day2/test1: Test Cases/day2/test1 FAILED because (of) Unable to navigate to 'https://opensource-demo.orangehrmlive.com/' (Root cause: com.kms.katalon.core.webui.exception.BrowserNotOpenedException: Browser is not opened
Build info: version: '3.7.1', revision: '8a0099a', time: '2017-11-06T21:07:36.161Z'
System info: host: 'WSLK1FFTRFW-05', ip: '10.10.10.14', os.name: 'Windows 7', os.arch: 'amd64', os.version: '6.1', java.version: '1.8.0_102'
Driver info: driver.version: unknown)

2018-07-25 11:59:49 - [TEST_STEP][FAILED] - navigateToUrl: Unable to navigate to 'https://opensource-demo.orangehrmlive.com/' (Root cause: com.kms.katalon.core.webui.exception.BrowserNotOpenedException: Browser is not opened
Build info: version: '3.7.1', revision: '8a0099a', time: '2017-11-06T21:07:36.161Z'
System info: host: 'WSLK1FFTRFW-05', ip: '10.10.10.14', os.name: 'Windows 7', os.arch: 'amd64', os.version: '6.1', java.version: '1.8.0_102'
Driver info: driver.version: unknown)

2018-07-25 11:59:49 - [MESSAGE][WARNING] - Cannot take screenshot

2018-07-25 11:59:49 - [MESSAGE][FAILED] - Unable to navigate to 'https://opensource-demo.orangehrmlive.com/' (Root cause: com.kms.katalon.core.webui.exception.BrowserNotOpenedException: Browser is not opened
Build info: version: '3.7.1', revision: '8a0099a', time: '2017-11-06T21:07:36.161Z'
System info: host: 'WSLK1FFTRFW-05', ip: '10.10.10.14', os.name: 'Windows 7', os.arch: 'amd64', os.version: '6.1', java.version: '1.8.0_102'
Driver info: driver.version: unknown)]]></system-out>
         <system-err><![CDATA[2018-07-25 11:59:48 - [TEST_CASE][FAILED] - Test Cases/day2/test1: Test Cases/day2/test1 FAILED because (of) Unable to navigate to 'https://opensource-demo.orangehrmlive.com/' (Root cause: com.kms.katalon.core.webui.exception.BrowserNotOpenedException: Browser is not opened
Build info: version: '3.7.1', revision: '8a0099a', time: '2017-11-06T21:07:36.161Z'
System info: host: 'WSLK1FFTRFW-05', ip: '10.10.10.14', os.name: 'Windows 7', os.arch: 'amd64', os.version: '6.1', java.version: '1.8.0_102'
Driver info: driver.version: unknown)]]></system-err>
      </testcase>
      <system-out><![CDATA[2018-07-25 11:59:48 - [TEST_SUITE][FAILED] - Test Suite001: Test Cases/day2/test1 FAILED because (of) Unable to navigate to 'https://opensource-demo.orangehrmlive.com/' (Root cause: com.kms.katalon.core.webui.exception.BrowserNotOpenedException: Browser is not opened
Build info: version: '3.7.1', revision: '8a0099a', time: '2017-11-06T21:07:36.161Z'
System info: host: 'WSLK1FFTRFW-05', ip: '10.10.10.14', os.name: 'Windows 7', os.arch: 'amd64', os.version: '6.1', java.version: '1.8.0_102'
Driver info: driver.version: unknown)]]></system-out>
      <system-err><![CDATA[2018-07-25 11:59:48 - [TEST_SUITE][FAILED] - Test Suite001: Test Cases/day2/test1 FAILED because (of) Unable to navigate to 'https://opensource-demo.orangehrmlive.com/' (Root cause: com.kms.katalon.core.webui.exception.BrowserNotOpenedException: Browser is not opened
Build info: version: '3.7.1', revision: '8a0099a', time: '2017-11-06T21:07:36.161Z'
System info: host: 'WSLK1FFTRFW-05', ip: '10.10.10.14', os.name: 'Windows 7', os.arch: 'amd64', os.version: '6.1', java.version: '1.8.0_102'
Driver info: driver.version: unknown)]]></system-err>
   </testsuite>
</testsuites>
