<?xml version="1.0" encoding="UTF-8"?>
<testsuites name="Test Suite001" time="34" tests="1" failures="0" errors="0">
   <testsuite name="Test Suite001" tests="1" failures="0" errors="0" time="34" timestamp="2018-07-25 12:21:14" hostname="slk - WSLK1FFTRFW-05" id="Test Suites/day2/Test Suite001">
      <properties>
         <property name="deviceName" value=""/>
         <property name="devicePlatform" value=""/>
         <property name="logFolder" value="C:\\Users\\slk.WSLK1FFTRFW-05\\Katalon Studio\\Demo\\Reports\\day2\\Test Suite001\\20180725_122113"/>
         <property name="logFiles" value="C:\\Users\\slk.WSLK1FFTRFW-05\\Katalon Studio\\Demo\\Reports\\day2\\Test Suite001\\20180725_122113\\execution0.log"/>
         <property name="attachments" value=""/>
         <property name="hostName" value="slk - WSLK1FFTRFW-05"/>
         <property name="os" value="Windows 7 64bit"/>
         <property name="katalonVersion" value="5.5.0.1"/>
         <property name="browser" value="Chrome 67.0.3396.99"/>
         <property name="hostAddress" value="10.10.10.14"/>
         <property name="sessionId" value="1b287970db57a38d7770621783087c77"/>
         <property name="seleniumVersion" value="3.7.1"/>
         <property name="proxyInformation" value="ProxyInformation{proxyOption=NO_PROXY, proxyServerType=HTTP, password=, proxyServerAddress=, proxyServerPort=0}"/>
         <property name="platform" value="Windows 7"/>
      </properties>
      <testcase name="Test Cases/day2/test1" classname="Test Cases/day2/test1" status="PASSED">
         <system-out><![CDATA[2018-07-25 12:21:14 - [TEST_CASE][PASSED] - Test Cases/day2/test1: Test Cases/day2/test1

2018-07-25 12:21:14 - [TEST_STEP][PASSED] - openBrowser: Browser is opened with url: ''

2018-07-25 12:21:38 - [MESSAGE][PASSED] - Browser is opened with url: ''

2018-07-25 12:21:38 - [TEST_STEP][PASSED] - navigateToUrl: Navigate to 'https://opensource-demo.orangehrmlive.com/' successfully

2018-07-25 12:21:43 - [MESSAGE][PASSED] - Navigate to 'https://opensource-demo.orangehrmlive.com/' successfully

2018-07-25 12:21:43 - [TEST_STEP][PASSED] - click: Object: 'Object Repository/Page_OrangeHRM/span_Username' is clicked on

2018-07-25 12:21:43 - [MESSAGE][PASSED] - Object: 'Object Repository/Page_OrangeHRM/span_Username' is clicked on

2018-07-25 12:21:43 - [TEST_STEP][PASSED] - setText: Text 'Admin' is set on object 'Object Repository/Page_OrangeHRM/input_txtUsername'

2018-07-25 12:21:43 - [MESSAGE][PASSED] - Text 'Admin' is set on object 'Object Repository/Page_OrangeHRM/input_txtUsername'

2018-07-25 12:21:43 - [TEST_STEP][PASSED] - setEncryptedText: Text ****** has been set on object 'Object Repository/Page_OrangeHRM/input_txtPassword'

2018-07-25 12:21:44 - [MESSAGE][PASSED] - Text ****** has been set on object 'Object Repository/Page_OrangeHRM/input_txtPassword'

2018-07-25 12:21:44 - [TEST_STEP][PASSED] - click: Object: 'Object Repository/Page_OrangeHRM/input_Submit' is clicked on

2018-07-25 12:21:48 - [MESSAGE][PASSED] - Object: 'Object Repository/Page_OrangeHRM/input_Submit' is clicked on

2018-07-25 12:21:48 - [TEST_STEP][PASSED] - closeBrowser: Browser is closed

2018-07-25 12:21:48 - [MESSAGE][PASSED] - Browser is closed]]></system-out>
         <system-err><![CDATA[]]></system-err>
      </testcase>
      <system-out><![CDATA[2018-07-25 12:21:14 - [TEST_SUITE][PASSED] - Test Suite001: Test Cases/day2/test1]]></system-out>
      <system-err><![CDATA[]]></system-err>
   </testsuite>
</testsuites>
